{
  "stats": {
    "suites": 1,
    "tests": 8,
    "passes": 1,
    "pending": 0,
    "failures": 7,
    "start": "2025-07-03T14:21:22.027Z",
    "end": "2025-07-03T14:21:27.998Z",
    "duration": 5971,
    "testsRegistered": 8,
    "passPercent": 12.5,
    "pendingPercent": 0,
    "other": 0,
    "hasOther": false,
    "skipped": 0,
    "hasSkipped": false
  },
  "results": [
    {
      "uuid": "17ea2e9b-b36c-4782-817e-acc341eedc90",
      "title": "",
      "fullFile": "cypress\\integration\\backend\\backendTests.spec.js",
      "file": "cypress\\integration\\backend\\backendTests.spec.js",
      "beforeHooks": [],
      "afterHooks": [],
      "tests": [],
      "suites": [
        {
          "uuid": "deeaa0c3-42be-4343-9a66-a6df76e636e7",
          "title": "Backend API Tests for Employee and Admin Role",
          "fullFile": "",
          "file": "",
          "beforeHooks": [],
          "afterHooks": [],
          "tests": [
            {
              "title": "should register a new employee",
              "fullTitle": "Backend API Tests for Employee and Admin Role should register a new employee",
              "timedOut": null,
              "duration": 2462,
              "state": "passed",
              "speed": "fast",
              "pass": true,
              "fail": false,
              "pending": false,
              "context": null,
              "code": "cy.request(\"POST\", `${apiUrl}/auth/register`, {\n  username: employeeUsername,\n  // Use the dynamically generated username\n  password: employeePassword\n}).then(response => {\n  expect(response.status).to.eq(201);\n  expect(response.body).to.have.property(\"message\", \"User registered successfully\");\n});",
              "err": {},
              "uuid": "0096457a-b300-471c-9586-59fa6be068a9",
              "parentUUID": "deeaa0c3-42be-4343-9a66-a6df76e636e7",
              "isHook": false,
              "skipped": false
            },
            {
              "title": "should login the employee with valid credentials",
              "fullTitle": "Backend API Tests for Employee and Admin Role should login the employee with valid credentials",
              "timedOut": null,
              "duration": 721,
              "state": "failed",
              "speed": null,
              "pass": false,
              "fail": true,
              "pending": false,
              "context": null,
              "code": "cy.request(\"POST\", `${apiUrl}/auth/login`, {\n  username: employeeUsername,\n  // Use the same username as registration\n  password: employeePassword // Use the same password as registration\n}).then(response => {\n  expect(response.status).to.eq(200);\n  expect(response.body).to.have.property(\"token\");\n  Cypress.env(\"employeeAuthToken\", response.body.token); // Store token in Cypress environment variable\n});",
              "err": {
                "message": "CypressError: `cy.request()` failed on:\n\nhttp://localhost:8080/api/auth/login\n\nThe response we received from your web server was:\n\n  > 500: Internal Server Error\n\nThis was considered a failure because the status code was not `2xx` or `3xx`.\n\nIf you do not want status codes to cause failures pass the option: `failOnStatusCode: false`\n\n-----------------------------------------------------------\n\nThe request we sent was:\n\nMethod: POST\nURL: http://localhost:8080/api/auth/login\nHeaders: {\n  \"Connection\": \"keep-alive\",\n  \"user-agent\": \"Mozilla/5.0 (Windows NT 10.0; Win64; x64) AppleWebKit/537.36 (KHTML, like Gecko) Cypress/13.17.0 Chrome/118.0.5993.159 Electron/27.3.10 Safari/537.36\",\n  \"accept\": \"*/*\",\n  \"accept-encoding\": \"gzip, deflate\",\n  \"content-type\": \"application/json\",\n  \"content-length\": 50\n}\nBody: {\"username\":\"emp_1751552481654\",\"password\":\"emp4\"}\n\n-----------------------------------------------------------\n\nThe response we got was:\n\nStatus: 500 - Internal Server Error\nHeaders: {\n  \"x-powered-by\": \"Express\",\n  \"access-control-allow-origin\": \"*\",\n  \"content-type\": \"application/json; charset=utf-8\",\n  \"content-length\": \"34\",\n  \"etag\": \"W/\\\"22-c40+vNnNNb1EeyjChXmbl7vKG3M\\\"\",\n  \"date\": \"Thu, 03 Jul 2025 14:21:24 GMT\",\n  \"connection\": \"keep-alive\",\n  \"keep-alive\": \"timeout=5\"\n}\nBody: {\n  \"message\": \"Something went wrong\"\n}\n\n\nhttps://on.cypress.io/request",
                "estack": "CypressError: `cy.request()` failed on:\n\nhttp://localhost:8080/api/auth/login\n\nThe response we received from your web server was:\n\n  > 500: Internal Server Error\n\nThis was considered a failure because the status code was not `2xx` or `3xx`.\n\nIf you do not want status codes to cause failures pass the option: `failOnStatusCode: false`\n\n-----------------------------------------------------------\n\nThe request we sent was:\n\nMethod: POST\nURL: http://localhost:8080/api/auth/login\nHeaders: {\n  \"Connection\": \"keep-alive\",\n  \"user-agent\": \"Mozilla/5.0 (Windows NT 10.0; Win64; x64) AppleWebKit/537.36 (KHTML, like Gecko) Cypress/13.17.0 Chrome/118.0.5993.159 Electron/27.3.10 Safari/537.36\",\n  \"accept\": \"*/*\",\n  \"accept-encoding\": \"gzip, deflate\",\n  \"content-type\": \"application/json\",\n  \"content-length\": 50\n}\nBody: {\"username\":\"emp_1751552481654\",\"password\":\"emp4\"}\n\n-----------------------------------------------------------\n\nThe response we got was:\n\nStatus: 500 - Internal Server Error\nHeaders: {\n  \"x-powered-by\": \"Express\",\n  \"access-control-allow-origin\": \"*\",\n  \"content-type\": \"application/json; charset=utf-8\",\n  \"content-length\": \"34\",\n  \"etag\": \"W/\\\"22-c40+vNnNNb1EeyjChXmbl7vKG3M\\\"\",\n  \"date\": \"Thu, 03 Jul 2025 14:21:24 GMT\",\n  \"connection\": \"keep-alive\",\n  \"keep-alive\": \"timeout=5\"\n}\nBody: {\n  \"message\": \"Something went wrong\"\n}\n\n\nhttps://on.cypress.io/request\n    at <unknown> (http://localhost:8080/__cypress/runner/cypress_runner.js:132876:72)\n    at tryCatcher (http://localhost:8080/__cypress/runner/cypress_runner.js:1830:23)\n    at Promise._settlePromiseFromHandler (http://localhost:8080/__cypress/runner/cypress_runner.js:1542:31)\n    at Promise._settlePromise (http://localhost:8080/__cypress/runner/cypress_runner.js:1599:18)\n    at Promise._settlePromise0 (http://localhost:8080/__cypress/runner/cypress_runner.js:1644:10)\n    at Promise._settlePromises (http://localhost:8080/__cypress/runner/cypress_runner.js:1724:18)\n    at _drainQueueStep (http://localhost:8080/__cypress/runner/cypress_runner.js:2430:12)\n    at _drainQueue (http://localhost:8080/__cypress/runner/cypress_runner.js:2423:9)\n    at Async._drainQueues (http://localhost:8080/__cypress/runner/cypress_runner.js:2439:5)\n    at Async.drainQueues (http://localhost:8080/__cypress/runner/cypress_runner.js:2309:14)\nFrom Your Spec Code:\n    at Context.eval (webpack://exitease/./cypress/integration/backend/backendTests.spec.js:22:7)",
                "diff": null
              },
              "uuid": "41ba6921-3bc7-4913-8fdc-fd389380b5c6",
              "parentUUID": "deeaa0c3-42be-4343-9a66-a6df76e636e7",
              "isHook": false,
              "skipped": false
            },
            {
              "title": "should submit resignation for an employee",
              "fullTitle": "Backend API Tests for Employee and Admin Role should submit resignation for an employee",
              "timedOut": null,
              "duration": 772,
              "state": "failed",
              "speed": null,
              "pass": false,
              "fail": true,
              "pending": false,
              "context": null,
              "code": "const token = Cypress.env(\"employeeAuthToken\"); // Retrieve token from Cypress environment variable\ncy.request({\n  method: \"POST\",\n  url: `${apiUrl}/user/resign`,\n  headers: {\n    Authorization: `${token}`\n  },\n  body: {\n    lwd: \"2024-12-26\"\n  }\n}).then(response => {\n  expect(response.status).to.eq(200);\n  employeeResignationId = response.body.data.resignation._id; // Store resignation ID for approval\n});",
              "err": {
                "message": "CypressError: `cy.request()` failed on:\n\nhttp://localhost:8080/api/user/resign\n\nThe response we received from your web server was:\n\n  > 500: Internal Server Error\n\nThis was considered a failure because the status code was not `2xx` or `3xx`.\n\nIf you do not want status codes to cause failures pass the option: `failOnStatusCode: false`\n\n-----------------------------------------------------------\n\nThe request we sent was:\n\nMethod: POST\nURL: http://localhost:8080/api/user/resign\nHeaders: {\n  \"Connection\": \"keep-alive\",\n  \"Authorization\": \"undefined\",\n  \"user-agent\": \"Mozilla/5.0 (Windows NT 10.0; Win64; x64) AppleWebKit/537.36 (KHTML, like Gecko) Cypress/13.17.0 Chrome/118.0.5993.159 Electron/27.3.10 Safari/537.36\",\n  \"accept\": \"*/*\",\n  \"accept-encoding\": \"gzip, deflate\",\n  \"content-type\": \"application/json\",\n  \"content-length\": 20\n}\nBody: {\"lwd\":\"2024-12-26\"}\n\n-----------------------------------------------------------\n\nThe response we got was:\n\nStatus: 500 - Internal Server Error\nHeaders: {\n  \"x-powered-by\": \"Express\",\n  \"access-control-allow-origin\": \"*\",\n  \"content-security-policy\": \"default-src 'none'\",\n  \"x-content-type-options\": \"nosniff\",\n  \"content-type\": \"text/html; charset=utf-8\",\n  \"content-length\": \"1294\",\n  \"date\": \"Thu, 03 Jul 2025 14:21:25 GMT\",\n  \"connection\": \"keep-alive\",\n  \"keep-alive\": \"timeout=5\"\n}\nBody: <!DOCTYPE html>\n<html lang=\"en\">\n<head>\n<meta charset=\"utf-8\">\n<title>Error</title>\n</head>\n<body>\n<pre>JsonWebTokenError: jwt malformed<br> &nbsp; &nbsp;at module.exports [as verify] (C:\\Users\\HP\\Desktop\\xexitnew\\xexit\\backend\\node_modules\\jsonwebtoken\\verify.js:70:17)<br> &nbsp; &nbsp;at fetchUser (C:\\Users\\HP\\Desktop\\xexitnew\\xexit\\backend\\middleware\\auth.js:4:28)<br> &nbsp; &nbsp;at isEmployee (C:\\Users\\HP\\Desktop\\xexitnew\\xexit\\backend\\middleware\\auth.js:32:22)<br> &nbsp; &nbsp;at Layer.handleRequest (C:\\Users\\HP\\Desktop\\xexitnew\\xexit\\backend\\node_modules\\router\\lib\\layer.js:152:17)<br> &nbsp; &nbsp;at next (C:\\Users\\HP\\Desktop\\xexitnew\\xexit\\backend\\node_modules\\router\\lib\\route.js:157:13)<br> &nbsp; &nbsp;at Route.dispatch (C:\\Users\\HP\\Desktop\\xexitnew\\xexit\\backend\\node_modules\\router\\lib\\route.js:117:3)<br> &nbsp; &nbsp;at handle (C:\\Users\\HP\\Desktop\\xexitnew\\xexit\\backend\\node_modules\\router\\index.js:435:11)<br> &nbsp; &nbsp;at Layer.handleRequest (C:\\Users\\HP\\Desktop\\xexitnew\\xexit\\backend\\node_modules\\router\\lib\\layer.js:152:17)<br> &nbsp; &nbsp;at C:\\Users\\HP\\Desktop\\xexitnew\\xexit\\backend\\node_modules\\router\\index.js:295:15<br> &nbsp; &nbsp;at processParams (C:\\Users\\HP\\Desktop\\xexitnew\\xexit\\backend\\node_modules\\router\\index.js:582:12)</pre>\n</body>\n</html>\n\nhttps://on.cypress.io/request",
                "estack": "CypressError: `cy.request()` failed on:\n\nhttp://localhost:8080/api/user/resign\n\nThe response we received from your web server was:\n\n  > 500: Internal Server Error\n\nThis was considered a failure because the status code was not `2xx` or `3xx`.\n\nIf you do not want status codes to cause failures pass the option: `failOnStatusCode: false`\n\n-----------------------------------------------------------\n\nThe request we sent was:\n\nMethod: POST\nURL: http://localhost:8080/api/user/resign\nHeaders: {\n  \"Connection\": \"keep-alive\",\n  \"Authorization\": \"undefined\",\n  \"user-agent\": \"Mozilla/5.0 (Windows NT 10.0; Win64; x64) AppleWebKit/537.36 (KHTML, like Gecko) Cypress/13.17.0 Chrome/118.0.5993.159 Electron/27.3.10 Safari/537.36\",\n  \"accept\": \"*/*\",\n  \"accept-encoding\": \"gzip, deflate\",\n  \"content-type\": \"application/json\",\n  \"content-length\": 20\n}\nBody: {\"lwd\":\"2024-12-26\"}\n\n-----------------------------------------------------------\n\nThe response we got was:\n\nStatus: 500 - Internal Server Error\nHeaders: {\n  \"x-powered-by\": \"Express\",\n  \"access-control-allow-origin\": \"*\",\n  \"content-security-policy\": \"default-src 'none'\",\n  \"x-content-type-options\": \"nosniff\",\n  \"content-type\": \"text/html; charset=utf-8\",\n  \"content-length\": \"1294\",\n  \"date\": \"Thu, 03 Jul 2025 14:21:25 GMT\",\n  \"connection\": \"keep-alive\",\n  \"keep-alive\": \"timeout=5\"\n}\nBody: <!DOCTYPE html>\n<html lang=\"en\">\n<head>\n<meta charset=\"utf-8\">\n<title>Error</title>\n</head>\n<body>\n<pre>JsonWebTokenError: jwt malformed<br> &nbsp; &nbsp;at module.exports [as verify] (C:\\Users\\HP\\Desktop\\xexitnew\\xexit\\backend\\node_modules\\jsonwebtoken\\verify.js:70:17)<br> &nbsp; &nbsp;at fetchUser (C:\\Users\\HP\\Desktop\\xexitnew\\xexit\\backend\\middleware\\auth.js:4:28)<br> &nbsp; &nbsp;at isEmployee (C:\\Users\\HP\\Desktop\\xexitnew\\xexit\\backend\\middleware\\auth.js:32:22)<br> &nbsp; &nbsp;at Layer.handleRequest (C:\\Users\\HP\\Desktop\\xexitnew\\xexit\\backend\\node_modules\\router\\lib\\layer.js:152:17)<br> &nbsp; &nbsp;at next (C:\\Users\\HP\\Desktop\\xexitnew\\xexit\\backend\\node_modules\\router\\lib\\route.js:157:13)<br> &nbsp; &nbsp;at Route.dispatch (C:\\Users\\HP\\Desktop\\xexitnew\\xexit\\backend\\node_modules\\router\\lib\\route.js:117:3)<br> &nbsp; &nbsp;at handle (C:\\Users\\HP\\Desktop\\xexitnew\\xexit\\backend\\node_modules\\router\\index.js:435:11)<br> &nbsp; &nbsp;at Layer.handleRequest (C:\\Users\\HP\\Desktop\\xexitnew\\xexit\\backend\\node_modules\\router\\lib\\layer.js:152:17)<br> &nbsp; &nbsp;at C:\\Users\\HP\\Desktop\\xexitnew\\xexit\\backend\\node_modules\\router\\index.js:295:15<br> &nbsp; &nbsp;at processParams (C:\\Users\\HP\\Desktop\\xexitnew\\xexit\\backend\\node_modules\\router\\index.js:582:12)</pre>\n</body>\n</html>\n\nhttps://on.cypress.io/request\n    at <unknown> (http://localhost:8080/__cypress/runner/cypress_runner.js:132876:72)\n    at tryCatcher (http://localhost:8080/__cypress/runner/cypress_runner.js:1830:23)\n    at Promise._settlePromiseFromHandler (http://localhost:8080/__cypress/runner/cypress_runner.js:1542:31)\n    at Promise._settlePromise (http://localhost:8080/__cypress/runner/cypress_runner.js:1599:18)\n    at Promise._settlePromise0 (http://localhost:8080/__cypress/runner/cypress_runner.js:1644:10)\n    at Promise._settlePromises (http://localhost:8080/__cypress/runner/cypress_runner.js:1724:18)\n    at _drainQueueStep (http://localhost:8080/__cypress/runner/cypress_runner.js:2430:12)\n    at _drainQueue (http://localhost:8080/__cypress/runner/cypress_runner.js:2423:9)\n    at Async._drainQueues (http://localhost:8080/__cypress/runner/cypress_runner.js:2439:5)\n    at Async.drainQueues (http://localhost:8080/__cypress/runner/cypress_runner.js:2309:14)\nFrom Your Spec Code:\n    at Context.eval (webpack://exitease/./cypress/integration/backend/backendTests.spec.js:34:7)",
                "diff": null
              },
              "uuid": "0c4be2ea-b880-48c4-8e5f-9d5709310873",
              "parentUUID": "deeaa0c3-42be-4343-9a66-a6df76e636e7",
              "isHook": false,
              "skipped": false
            },
            {
              "title": "should login as admin (HR)",
              "fullTitle": "Backend API Tests for Employee and Admin Role should login as admin (HR)",
              "timedOut": null,
              "duration": 380,
              "state": "failed",
              "speed": null,
              "pass": false,
              "fail": true,
              "pending": false,
              "context": null,
              "code": "cy.request(\"POST\", `${apiUrl}/auth/login`, {\n  username: \"admin\",\n  password: \"admin\"\n}).then(response => {\n  expect(response.status).to.eq(200);\n  expect(response.body).to.have.property(\"token\");\n  Cypress.env(\"adminAuthToken\", response.body.token); // Store admin token in Cypress environment variable\n});",
              "err": {
                "message": "CypressError: `cy.request()` failed on:\n\nhttp://localhost:8080/api/auth/login\n\nThe response we received from your web server was:\n\n  > 401: Unauthorized\n\nThis was considered a failure because the status code was not `2xx` or `3xx`.\n\nIf you do not want status codes to cause failures pass the option: `failOnStatusCode: false`\n\n-----------------------------------------------------------\n\nThe request we sent was:\n\nMethod: POST\nURL: http://localhost:8080/api/auth/login\nHeaders: {\n  \"Connection\": \"keep-alive\",\n  \"user-agent\": \"Mozilla/5.0 (Windows NT 10.0; Win64; x64) AppleWebKit/537.36 (KHTML, like Gecko) Cypress/13.17.0 Chrome/118.0.5993.159 Electron/27.3.10 Safari/537.36\",\n  \"accept\": \"*/*\",\n  \"accept-encoding\": \"gzip, deflate\",\n  \"content-type\": \"application/json\",\n  \"content-length\": 39\n}\nBody: {\"username\":\"admin\",\"password\":\"admin\"}\n\n-----------------------------------------------------------\n\nThe response we got was:\n\nStatus: 401 - Unauthorized\nHeaders: {\n  \"x-powered-by\": \"Express\",\n  \"access-control-allow-origin\": \"*\",\n  \"content-type\": \"application/json; charset=utf-8\",\n  \"content-length\": \"28\",\n  \"etag\": \"W/\\\"1c-ZEVVcvtFhxKX/QUvVKqKxwGbbNA\\\"\",\n  \"date\": \"Thu, 03 Jul 2025 14:21:26 GMT\",\n  \"connection\": \"keep-alive\",\n  \"keep-alive\": \"timeout=5\"\n}\nBody: {\n  \"message\": \"User not found\"\n}\n\n\nhttps://on.cypress.io/request",
                "estack": "CypressError: `cy.request()` failed on:\n\nhttp://localhost:8080/api/auth/login\n\nThe response we received from your web server was:\n\n  > 401: Unauthorized\n\nThis was considered a failure because the status code was not `2xx` or `3xx`.\n\nIf you do not want status codes to cause failures pass the option: `failOnStatusCode: false`\n\n-----------------------------------------------------------\n\nThe request we sent was:\n\nMethod: POST\nURL: http://localhost:8080/api/auth/login\nHeaders: {\n  \"Connection\": \"keep-alive\",\n  \"user-agent\": \"Mozilla/5.0 (Windows NT 10.0; Win64; x64) AppleWebKit/537.36 (KHTML, like Gecko) Cypress/13.17.0 Chrome/118.0.5993.159 Electron/27.3.10 Safari/537.36\",\n  \"accept\": \"*/*\",\n  \"accept-encoding\": \"gzip, deflate\",\n  \"content-type\": \"application/json\",\n  \"content-length\": 39\n}\nBody: {\"username\":\"admin\",\"password\":\"admin\"}\n\n-----------------------------------------------------------\n\nThe response we got was:\n\nStatus: 401 - Unauthorized\nHeaders: {\n  \"x-powered-by\": \"Express\",\n  \"access-control-allow-origin\": \"*\",\n  \"content-type\": \"application/json; charset=utf-8\",\n  \"content-length\": \"28\",\n  \"etag\": \"W/\\\"1c-ZEVVcvtFhxKX/QUvVKqKxwGbbNA\\\"\",\n  \"date\": \"Thu, 03 Jul 2025 14:21:26 GMT\",\n  \"connection\": \"keep-alive\",\n  \"keep-alive\": \"timeout=5\"\n}\nBody: {\n  \"message\": \"User not found\"\n}\n\n\nhttps://on.cypress.io/request\n    at <unknown> (http://localhost:8080/__cypress/runner/cypress_runner.js:132876:72)\n    at tryCatcher (http://localhost:8080/__cypress/runner/cypress_runner.js:1830:23)\n    at Promise._settlePromiseFromHandler (http://localhost:8080/__cypress/runner/cypress_runner.js:1542:31)\n    at Promise._settlePromise (http://localhost:8080/__cypress/runner/cypress_runner.js:1599:18)\n    at Promise._settlePromise0 (http://localhost:8080/__cypress/runner/cypress_runner.js:1644:10)\n    at Promise._settlePromises (http://localhost:8080/__cypress/runner/cypress_runner.js:1724:18)\n    at _drainQueueStep (http://localhost:8080/__cypress/runner/cypress_runner.js:2430:12)\n    at _drainQueue (http://localhost:8080/__cypress/runner/cypress_runner.js:2423:9)\n    at Async._drainQueues (http://localhost:8080/__cypress/runner/cypress_runner.js:2439:5)\n    at Async.drainQueues (http://localhost:8080/__cypress/runner/cypress_runner.js:2309:14)\nFrom Your Spec Code:\n    at Context.eval (webpack://exitease/./cypress/integration/backend/backendTests.spec.js:51:7)",
                "diff": null
              },
              "uuid": "e669c396-662a-4253-bf50-a128dea2b3b0",
              "parentUUID": "deeaa0c3-42be-4343-9a66-a6df76e636e7",
              "isHook": false,
              "skipped": false
            },
            {
              "title": "should view all resignations submitted by employees as admin",
              "fullTitle": "Backend API Tests for Employee and Admin Role should view all resignations submitted by employees as admin",
              "timedOut": null,
              "duration": 176,
              "state": "failed",
              "speed": null,
              "pass": false,
              "fail": true,
              "pending": false,
              "context": null,
              "code": "const token = Cypress.env(\"adminAuthToken\"); // Retrieve admin token from Cypress environment variable\ncy.request({\n  method: \"GET\",\n  url: `${apiUrl}/admin/resignations`,\n  headers: {\n    Authorization: `${token}`\n  }\n}).then(response => {\n  expect(response.status).to.eq(200);\n  expect(response.body.data).to.be.an(\"array\");\n});",
              "err": {
                "message": "CypressError: `cy.request()` failed on:\n\nhttp://localhost:8080/api/admin/resignations\n\nThe response we received from your web server was:\n\n  > 500: Internal Server Error\n\nThis was considered a failure because the status code was not `2xx` or `3xx`.\n\nIf you do not want status codes to cause failures pass the option: `failOnStatusCode: false`\n\n-----------------------------------------------------------\n\nThe request we sent was:\n\nMethod: GET\nURL: http://localhost:8080/api/admin/resignations\nHeaders: {\n  \"Connection\": \"keep-alive\",\n  \"Authorization\": \"undefined\",\n  \"user-agent\": \"Mozilla/5.0 (Windows NT 10.0; Win64; x64) AppleWebKit/537.36 (KHTML, like Gecko) Cypress/13.17.0 Chrome/118.0.5993.159 Electron/27.3.10 Safari/537.36\",\n  \"accept\": \"*/*\",\n  \"accept-encoding\": \"gzip, deflate\"\n}\n\n-----------------------------------------------------------\n\nThe response we got was:\n\nStatus: 500 - Internal Server Error\nHeaders: {\n  \"x-powered-by\": \"Express\",\n  \"access-control-allow-origin\": \"*\",\n  \"content-security-policy\": \"default-src 'none'\",\n  \"x-content-type-options\": \"nosniff\",\n  \"content-type\": \"text/html; charset=utf-8\",\n  \"content-length\": \"1291\",\n  \"date\": \"Thu, 03 Jul 2025 14:21:26 GMT\",\n  \"connection\": \"keep-alive\",\n  \"keep-alive\": \"timeout=5\"\n}\nBody: <!DOCTYPE html>\n<html lang=\"en\">\n<head>\n<meta charset=\"utf-8\">\n<title>Error</title>\n</head>\n<body>\n<pre>JsonWebTokenError: jwt malformed<br> &nbsp; &nbsp;at module.exports [as verify] (C:\\Users\\HP\\Desktop\\xexitnew\\xexit\\backend\\node_modules\\jsonwebtoken\\verify.js:70:17)<br> &nbsp; &nbsp;at fetchUser (C:\\Users\\HP\\Desktop\\xexitnew\\xexit\\backend\\middleware\\auth.js:4:28)<br> &nbsp; &nbsp;at isAdmin (C:\\Users\\HP\\Desktop\\xexitnew\\xexit\\backend\\middleware\\auth.js:50:22)<br> &nbsp; &nbsp;at Layer.handleRequest (C:\\Users\\HP\\Desktop\\xexitnew\\xexit\\backend\\node_modules\\router\\lib\\layer.js:152:17)<br> &nbsp; &nbsp;at next (C:\\Users\\HP\\Desktop\\xexitnew\\xexit\\backend\\node_modules\\router\\lib\\route.js:157:13)<br> &nbsp; &nbsp;at Route.dispatch (C:\\Users\\HP\\Desktop\\xexitnew\\xexit\\backend\\node_modules\\router\\lib\\route.js:117:3)<br> &nbsp; &nbsp;at handle (C:\\Users\\HP\\Desktop\\xexitnew\\xexit\\backend\\node_modules\\router\\index.js:435:11)<br> &nbsp; &nbsp;at Layer.handleRequest (C:\\Users\\HP\\Desktop\\xexitnew\\xexit\\backend\\node_modules\\router\\lib\\layer.js:152:17)<br> &nbsp; &nbsp;at C:\\Users\\HP\\Desktop\\xexitnew\\xexit\\backend\\node_modules\\router\\index.js:295:15<br> &nbsp; &nbsp;at processParams (C:\\Users\\HP\\Desktop\\xexitnew\\xexit\\backend\\node_modules\\router\\index.js:582:12)</pre>\n</body>\n</html>\n\nhttps://on.cypress.io/request",
                "estack": "CypressError: `cy.request()` failed on:\n\nhttp://localhost:8080/api/admin/resignations\n\nThe response we received from your web server was:\n\n  > 500: Internal Server Error\n\nThis was considered a failure because the status code was not `2xx` or `3xx`.\n\nIf you do not want status codes to cause failures pass the option: `failOnStatusCode: false`\n\n-----------------------------------------------------------\n\nThe request we sent was:\n\nMethod: GET\nURL: http://localhost:8080/api/admin/resignations\nHeaders: {\n  \"Connection\": \"keep-alive\",\n  \"Authorization\": \"undefined\",\n  \"user-agent\": \"Mozilla/5.0 (Windows NT 10.0; Win64; x64) AppleWebKit/537.36 (KHTML, like Gecko) Cypress/13.17.0 Chrome/118.0.5993.159 Electron/27.3.10 Safari/537.36\",\n  \"accept\": \"*/*\",\n  \"accept-encoding\": \"gzip, deflate\"\n}\n\n-----------------------------------------------------------\n\nThe response we got was:\n\nStatus: 500 - Internal Server Error\nHeaders: {\n  \"x-powered-by\": \"Express\",\n  \"access-control-allow-origin\": \"*\",\n  \"content-security-policy\": \"default-src 'none'\",\n  \"x-content-type-options\": \"nosniff\",\n  \"content-type\": \"text/html; charset=utf-8\",\n  \"content-length\": \"1291\",\n  \"date\": \"Thu, 03 Jul 2025 14:21:26 GMT\",\n  \"connection\": \"keep-alive\",\n  \"keep-alive\": \"timeout=5\"\n}\nBody: <!DOCTYPE html>\n<html lang=\"en\">\n<head>\n<meta charset=\"utf-8\">\n<title>Error</title>\n</head>\n<body>\n<pre>JsonWebTokenError: jwt malformed<br> &nbsp; &nbsp;at module.exports [as verify] (C:\\Users\\HP\\Desktop\\xexitnew\\xexit\\backend\\node_modules\\jsonwebtoken\\verify.js:70:17)<br> &nbsp; &nbsp;at fetchUser (C:\\Users\\HP\\Desktop\\xexitnew\\xexit\\backend\\middleware\\auth.js:4:28)<br> &nbsp; &nbsp;at isAdmin (C:\\Users\\HP\\Desktop\\xexitnew\\xexit\\backend\\middleware\\auth.js:50:22)<br> &nbsp; &nbsp;at Layer.handleRequest (C:\\Users\\HP\\Desktop\\xexitnew\\xexit\\backend\\node_modules\\router\\lib\\layer.js:152:17)<br> &nbsp; &nbsp;at next (C:\\Users\\HP\\Desktop\\xexitnew\\xexit\\backend\\node_modules\\router\\lib\\route.js:157:13)<br> &nbsp; &nbsp;at Route.dispatch (C:\\Users\\HP\\Desktop\\xexitnew\\xexit\\backend\\node_modules\\router\\lib\\route.js:117:3)<br> &nbsp; &nbsp;at handle (C:\\Users\\HP\\Desktop\\xexitnew\\xexit\\backend\\node_modules\\router\\index.js:435:11)<br> &nbsp; &nbsp;at Layer.handleRequest (C:\\Users\\HP\\Desktop\\xexitnew\\xexit\\backend\\node_modules\\router\\lib\\layer.js:152:17)<br> &nbsp; &nbsp;at C:\\Users\\HP\\Desktop\\xexitnew\\xexit\\backend\\node_modules\\router\\index.js:295:15<br> &nbsp; &nbsp;at processParams (C:\\Users\\HP\\Desktop\\xexitnew\\xexit\\backend\\node_modules\\router\\index.js:582:12)</pre>\n</body>\n</html>\n\nhttps://on.cypress.io/request\n    at <unknown> (http://localhost:8080/__cypress/runner/cypress_runner.js:132876:72)\n    at tryCatcher (http://localhost:8080/__cypress/runner/cypress_runner.js:1830:23)\n    at Promise._settlePromiseFromHandler (http://localhost:8080/__cypress/runner/cypress_runner.js:1542:31)\n    at Promise._settlePromise (http://localhost:8080/__cypress/runner/cypress_runner.js:1599:18)\n    at Promise._settlePromise0 (http://localhost:8080/__cypress/runner/cypress_runner.js:1644:10)\n    at Promise._settlePromises (http://localhost:8080/__cypress/runner/cypress_runner.js:1724:18)\n    at _drainQueueStep (http://localhost:8080/__cypress/runner/cypress_runner.js:2430:12)\n    at _drainQueue (http://localhost:8080/__cypress/runner/cypress_runner.js:2423:9)\n    at Async._drainQueues (http://localhost:8080/__cypress/runner/cypress_runner.js:2439:5)\n    at Async.drainQueues (http://localhost:8080/__cypress/runner/cypress_runner.js:2309:14)\nFrom Your Spec Code:\n    at Context.eval (webpack://exitease/./cypress/integration/backend/backendTests.spec.js:63:7)",
                "diff": null
              },
              "uuid": "5969e48f-8ae7-442d-b61e-830347e8a0e4",
              "parentUUID": "deeaa0c3-42be-4343-9a66-a6df76e636e7",
              "isHook": false,
              "skipped": false
            },
            {
              "title": "should approve the employee’s resignation as admin",
              "fullTitle": "Backend API Tests for Employee and Admin Role should approve the employee’s resignation as admin",
              "timedOut": null,
              "duration": 216,
              "state": "failed",
              "speed": null,
              "pass": false,
              "fail": true,
              "pending": false,
              "context": null,
              "code": "const token = Cypress.env(\"adminAuthToken\"); // Retrieve admin token from Cypress environment variable\ncy.request({\n  method: \"PUT\",\n  url: `${apiUrl}/admin/conclude_resignation`,\n  headers: {\n    Authorization: `${token}`\n  },\n  body: {\n    resignationId: employeeResignationId,\n    approved: true,\n    lwd: \"26 Dec 2024\"\n  }\n}).then(response => {\n  expect(response.status).to.eq(200);\n});",
              "err": {
                "message": "CypressError: `cy.request()` failed on:\n\nhttp://localhost:8080/api/admin/conclude_resignation\n\nThe response we received from your web server was:\n\n  > 500: Internal Server Error\n\nThis was considered a failure because the status code was not `2xx` or `3xx`.\n\nIf you do not want status codes to cause failures pass the option: `failOnStatusCode: false`\n\n-----------------------------------------------------------\n\nThe request we sent was:\n\nMethod: PUT\nURL: http://localhost:8080/api/admin/conclude_resignation\nHeaders: {\n  \"Connection\": \"keep-alive\",\n  \"Authorization\": \"undefined\",\n  \"user-agent\": \"Mozilla/5.0 (Windows NT 10.0; Win64; x64) AppleWebKit/537.36 (KHTML, like Gecko) Cypress/13.17.0 Chrome/118.0.5993.159 Electron/27.3.10 Safari/537.36\",\n  \"accept\": \"*/*\",\n  \"accept-encoding\": \"gzip, deflate\",\n  \"content-type\": \"application/json\",\n  \"content-length\": 58\n}\nBody: {\"resignationId\":null,\"approved\":true,\"lwd\":\"26 Dec 2024\"}\n\n-----------------------------------------------------------\n\nThe response we got was:\n\nStatus: 500 - Internal Server Error\nHeaders: {\n  \"x-powered-by\": \"Express\",\n  \"access-control-allow-origin\": \"*\",\n  \"content-security-policy\": \"default-src 'none'\",\n  \"x-content-type-options\": \"nosniff\",\n  \"content-type\": \"text/html; charset=utf-8\",\n  \"content-length\": \"1291\",\n  \"date\": \"Thu, 03 Jul 2025 14:21:27 GMT\",\n  \"connection\": \"keep-alive\",\n  \"keep-alive\": \"timeout=5\"\n}\nBody: <!DOCTYPE html>\n<html lang=\"en\">\n<head>\n<meta charset=\"utf-8\">\n<title>Error</title>\n</head>\n<body>\n<pre>JsonWebTokenError: jwt malformed<br> &nbsp; &nbsp;at module.exports [as verify] (C:\\Users\\HP\\Desktop\\xexitnew\\xexit\\backend\\node_modules\\jsonwebtoken\\verify.js:70:17)<br> &nbsp; &nbsp;at fetchUser (C:\\Users\\HP\\Desktop\\xexitnew\\xexit\\backend\\middleware\\auth.js:4:28)<br> &nbsp; &nbsp;at isAdmin (C:\\Users\\HP\\Desktop\\xexitnew\\xexit\\backend\\middleware\\auth.js:50:22)<br> &nbsp; &nbsp;at Layer.handleRequest (C:\\Users\\HP\\Desktop\\xexitnew\\xexit\\backend\\node_modules\\router\\lib\\layer.js:152:17)<br> &nbsp; &nbsp;at next (C:\\Users\\HP\\Desktop\\xexitnew\\xexit\\backend\\node_modules\\router\\lib\\route.js:157:13)<br> &nbsp; &nbsp;at Route.dispatch (C:\\Users\\HP\\Desktop\\xexitnew\\xexit\\backend\\node_modules\\router\\lib\\route.js:117:3)<br> &nbsp; &nbsp;at handle (C:\\Users\\HP\\Desktop\\xexitnew\\xexit\\backend\\node_modules\\router\\index.js:435:11)<br> &nbsp; &nbsp;at Layer.handleRequest (C:\\Users\\HP\\Desktop\\xexitnew\\xexit\\backend\\node_modules\\router\\lib\\layer.js:152:17)<br> &nbsp; &nbsp;at C:\\Users\\HP\\Desktop\\xexitnew\\xexit\\backend\\node_modules\\router\\index.js:295:15<br> &nbsp; &nbsp;at processParams (C:\\Users\\HP\\Desktop\\xexitnew\\xexit\\backend\\node_modules\\router\\index.js:582:12)</pre>\n</body>\n</html>\n\nhttps://on.cypress.io/request",
                "estack": "CypressError: `cy.request()` failed on:\n\nhttp://localhost:8080/api/admin/conclude_resignation\n\nThe response we received from your web server was:\n\n  > 500: Internal Server Error\n\nThis was considered a failure because the status code was not `2xx` or `3xx`.\n\nIf you do not want status codes to cause failures pass the option: `failOnStatusCode: false`\n\n-----------------------------------------------------------\n\nThe request we sent was:\n\nMethod: PUT\nURL: http://localhost:8080/api/admin/conclude_resignation\nHeaders: {\n  \"Connection\": \"keep-alive\",\n  \"Authorization\": \"undefined\",\n  \"user-agent\": \"Mozilla/5.0 (Windows NT 10.0; Win64; x64) AppleWebKit/537.36 (KHTML, like Gecko) Cypress/13.17.0 Chrome/118.0.5993.159 Electron/27.3.10 Safari/537.36\",\n  \"accept\": \"*/*\",\n  \"accept-encoding\": \"gzip, deflate\",\n  \"content-type\": \"application/json\",\n  \"content-length\": 58\n}\nBody: {\"resignationId\":null,\"approved\":true,\"lwd\":\"26 Dec 2024\"}\n\n-----------------------------------------------------------\n\nThe response we got was:\n\nStatus: 500 - Internal Server Error\nHeaders: {\n  \"x-powered-by\": \"Express\",\n  \"access-control-allow-origin\": \"*\",\n  \"content-security-policy\": \"default-src 'none'\",\n  \"x-content-type-options\": \"nosniff\",\n  \"content-type\": \"text/html; charset=utf-8\",\n  \"content-length\": \"1291\",\n  \"date\": \"Thu, 03 Jul 2025 14:21:27 GMT\",\n  \"connection\": \"keep-alive\",\n  \"keep-alive\": \"timeout=5\"\n}\nBody: <!DOCTYPE html>\n<html lang=\"en\">\n<head>\n<meta charset=\"utf-8\">\n<title>Error</title>\n</head>\n<body>\n<pre>JsonWebTokenError: jwt malformed<br> &nbsp; &nbsp;at module.exports [as verify] (C:\\Users\\HP\\Desktop\\xexitnew\\xexit\\backend\\node_modules\\jsonwebtoken\\verify.js:70:17)<br> &nbsp; &nbsp;at fetchUser (C:\\Users\\HP\\Desktop\\xexitnew\\xexit\\backend\\middleware\\auth.js:4:28)<br> &nbsp; &nbsp;at isAdmin (C:\\Users\\HP\\Desktop\\xexitnew\\xexit\\backend\\middleware\\auth.js:50:22)<br> &nbsp; &nbsp;at Layer.handleRequest (C:\\Users\\HP\\Desktop\\xexitnew\\xexit\\backend\\node_modules\\router\\lib\\layer.js:152:17)<br> &nbsp; &nbsp;at next (C:\\Users\\HP\\Desktop\\xexitnew\\xexit\\backend\\node_modules\\router\\lib\\route.js:157:13)<br> &nbsp; &nbsp;at Route.dispatch (C:\\Users\\HP\\Desktop\\xexitnew\\xexit\\backend\\node_modules\\router\\lib\\route.js:117:3)<br> &nbsp; &nbsp;at handle (C:\\Users\\HP\\Desktop\\xexitnew\\xexit\\backend\\node_modules\\router\\index.js:435:11)<br> &nbsp; &nbsp;at Layer.handleRequest (C:\\Users\\HP\\Desktop\\xexitnew\\xexit\\backend\\node_modules\\router\\lib\\layer.js:152:17)<br> &nbsp; &nbsp;at C:\\Users\\HP\\Desktop\\xexitnew\\xexit\\backend\\node_modules\\router\\index.js:295:15<br> &nbsp; &nbsp;at processParams (C:\\Users\\HP\\Desktop\\xexitnew\\xexit\\backend\\node_modules\\router\\index.js:582:12)</pre>\n</body>\n</html>\n\nhttps://on.cypress.io/request\n    at <unknown> (http://localhost:8080/__cypress/runner/cypress_runner.js:132876:72)\n    at tryCatcher (http://localhost:8080/__cypress/runner/cypress_runner.js:1830:23)\n    at Promise._settlePromiseFromHandler (http://localhost:8080/__cypress/runner/cypress_runner.js:1542:31)\n    at Promise._settlePromise (http://localhost:8080/__cypress/runner/cypress_runner.js:1599:18)\n    at Promise._settlePromise0 (http://localhost:8080/__cypress/runner/cypress_runner.js:1644:10)\n    at Promise._settlePromises (http://localhost:8080/__cypress/runner/cypress_runner.js:1724:18)\n    at _drainQueueStep (http://localhost:8080/__cypress/runner/cypress_runner.js:2430:12)\n    at _drainQueue (http://localhost:8080/__cypress/runner/cypress_runner.js:2423:9)\n    at Async._drainQueues (http://localhost:8080/__cypress/runner/cypress_runner.js:2439:5)\n    at Async.drainQueues (http://localhost:8080/__cypress/runner/cypress_runner.js:2309:14)\nFrom Your Spec Code:\n    at Context.eval (webpack://exitease/./cypress/integration/backend/backendTests.spec.js:77:7)",
                "diff": null
              },
              "uuid": "1d92933e-6d16-4dd5-808f-43e58194ac65",
              "parentUUID": "deeaa0c3-42be-4343-9a66-a6df76e636e7",
              "isHook": false,
              "skipped": false
            },
            {
              "title": "should allow the employee to submit responses to exit questionnaire",
              "fullTitle": "Backend API Tests for Employee and Admin Role should allow the employee to submit responses to exit questionnaire",
              "timedOut": null,
              "duration": 240,
              "state": "failed",
              "speed": null,
              "pass": false,
              "fail": true,
              "pending": false,
              "context": null,
              "code": "const token = Cypress.env(\"employeeAuthToken\"); // Retrieve employee token from Cypress environment variable\ncy.request({\n  method: \"POST\",\n  url: `${apiUrl}/user/responses`,\n  headers: {\n    Authorization: `${token}`\n  },\n  body: {\n    responses: [{\n      questionText: \"What prompted you to start looking for another job?\",\n      response: \"Lack of career growth opportunities\"\n    }, {\n      questionText: \"Would you recommend this company to others?\",\n      response: \"Yes, with some reservations\"\n    }]\n  }\n}).then(response => {\n  expect(response.status).to.eq(200);\n});",
              "err": {
                "message": "CypressError: `cy.request()` failed on:\n\nhttp://localhost:8080/api/user/responses\n\nThe response we received from your web server was:\n\n  > 500: Internal Server Error\n\nThis was considered a failure because the status code was not `2xx` or `3xx`.\n\nIf you do not want status codes to cause failures pass the option: `failOnStatusCode: false`\n\n-----------------------------------------------------------\n\nThe request we sent was:\n\nMethod: POST\nURL: http://localhost:8080/api/user/responses\nHeaders: {\n  \"Connection\": \"keep-alive\",\n  \"Authorization\": \"undefined\",\n  \"user-agent\": \"Mozilla/5.0 (Windows NT 10.0; Win64; x64) AppleWebKit/537.36 (KHTML, like Gecko) Cypress/13.17.0 Chrome/118.0.5993.159 Electron/27.3.10 Safari/537.36\",\n  \"accept\": \"*/*\",\n  \"accept-encoding\": \"gzip, deflate\",\n  \"content-type\": \"application/json\",\n  \"content-length\": 239\n}\nBody: {\"responses\":[{\"questionText\":\"What prompted you to start looking for another job?\",\"response\":\"Lack of career growth opportunities\"},{\"questionText\":\"Would you recommend this company to others?\",\"response\":\"Yes, with some reservations\"}]}\n\n-----------------------------------------------------------\n\nThe response we got was:\n\nStatus: 500 - Internal Server Error\nHeaders: {\n  \"x-powered-by\": \"Express\",\n  \"access-control-allow-origin\": \"*\",\n  \"content-security-policy\": \"default-src 'none'\",\n  \"x-content-type-options\": \"nosniff\",\n  \"content-type\": \"text/html; charset=utf-8\",\n  \"content-length\": \"1291\",\n  \"date\": \"Thu, 03 Jul 2025 14:21:27 GMT\",\n  \"connection\": \"keep-alive\",\n  \"keep-alive\": \"timeout=5\"\n}\nBody: <!DOCTYPE html>\n<html lang=\"en\">\n<head>\n<meta charset=\"utf-8\">\n<title>Error</title>\n</head>\n<body>\n<pre>JsonWebTokenError: jwt malformed<br> &nbsp; &nbsp;at module.exports [as verify] (C:\\Users\\HP\\Desktop\\xexitnew\\xexit\\backend\\node_modules\\jsonwebtoken\\verify.js:70:17)<br> &nbsp; &nbsp;at fetchUser (C:\\Users\\HP\\Desktop\\xexitnew\\xexit\\backend\\middleware\\auth.js:4:28)<br> &nbsp; &nbsp;at isExEmp (C:\\Users\\HP\\Desktop\\xexitnew\\xexit\\backend\\middleware\\auth.js:66:22)<br> &nbsp; &nbsp;at Layer.handleRequest (C:\\Users\\HP\\Desktop\\xexitnew\\xexit\\backend\\node_modules\\router\\lib\\layer.js:152:17)<br> &nbsp; &nbsp;at next (C:\\Users\\HP\\Desktop\\xexitnew\\xexit\\backend\\node_modules\\router\\lib\\route.js:157:13)<br> &nbsp; &nbsp;at Route.dispatch (C:\\Users\\HP\\Desktop\\xexitnew\\xexit\\backend\\node_modules\\router\\lib\\route.js:117:3)<br> &nbsp; &nbsp;at handle (C:\\Users\\HP\\Desktop\\xexitnew\\xexit\\backend\\node_modules\\router\\index.js:435:11)<br> &nbsp; &nbsp;at Layer.handleRequest (C:\\Users\\HP\\Desktop\\xexitnew\\xexit\\backend\\node_modules\\router\\lib\\layer.js:152:17)<br> &nbsp; &nbsp;at C:\\Users\\HP\\Desktop\\xexitnew\\xexit\\backend\\node_modules\\router\\index.js:295:15<br> &nbsp; &nbsp;at processParams (C:\\Users\\HP\\Desktop\\xexitnew\\xexit\\backend\\node_modules\\router\\index.js:582:12)</pre>\n</body>\n</html>\n\nhttps://on.cypress.io/request",
                "estack": "CypressError: `cy.request()` failed on:\n\nhttp://localhost:8080/api/user/responses\n\nThe response we received from your web server was:\n\n  > 500: Internal Server Error\n\nThis was considered a failure because the status code was not `2xx` or `3xx`.\n\nIf you do not want status codes to cause failures pass the option: `failOnStatusCode: false`\n\n-----------------------------------------------------------\n\nThe request we sent was:\n\nMethod: POST\nURL: http://localhost:8080/api/user/responses\nHeaders: {\n  \"Connection\": \"keep-alive\",\n  \"Authorization\": \"undefined\",\n  \"user-agent\": \"Mozilla/5.0 (Windows NT 10.0; Win64; x64) AppleWebKit/537.36 (KHTML, like Gecko) Cypress/13.17.0 Chrome/118.0.5993.159 Electron/27.3.10 Safari/537.36\",\n  \"accept\": \"*/*\",\n  \"accept-encoding\": \"gzip, deflate\",\n  \"content-type\": \"application/json\",\n  \"content-length\": 239\n}\nBody: {\"responses\":[{\"questionText\":\"What prompted you to start looking for another job?\",\"response\":\"Lack of career growth opportunities\"},{\"questionText\":\"Would you recommend this company to others?\",\"response\":\"Yes, with some reservations\"}]}\n\n-----------------------------------------------------------\n\nThe response we got was:\n\nStatus: 500 - Internal Server Error\nHeaders: {\n  \"x-powered-by\": \"Express\",\n  \"access-control-allow-origin\": \"*\",\n  \"content-security-policy\": \"default-src 'none'\",\n  \"x-content-type-options\": \"nosniff\",\n  \"content-type\": \"text/html; charset=utf-8\",\n  \"content-length\": \"1291\",\n  \"date\": \"Thu, 03 Jul 2025 14:21:27 GMT\",\n  \"connection\": \"keep-alive\",\n  \"keep-alive\": \"timeout=5\"\n}\nBody: <!DOCTYPE html>\n<html lang=\"en\">\n<head>\n<meta charset=\"utf-8\">\n<title>Error</title>\n</head>\n<body>\n<pre>JsonWebTokenError: jwt malformed<br> &nbsp; &nbsp;at module.exports [as verify] (C:\\Users\\HP\\Desktop\\xexitnew\\xexit\\backend\\node_modules\\jsonwebtoken\\verify.js:70:17)<br> &nbsp; &nbsp;at fetchUser (C:\\Users\\HP\\Desktop\\xexitnew\\xexit\\backend\\middleware\\auth.js:4:28)<br> &nbsp; &nbsp;at isExEmp (C:\\Users\\HP\\Desktop\\xexitnew\\xexit\\backend\\middleware\\auth.js:66:22)<br> &nbsp; &nbsp;at Layer.handleRequest (C:\\Users\\HP\\Desktop\\xexitnew\\xexit\\backend\\node_modules\\router\\lib\\layer.js:152:17)<br> &nbsp; &nbsp;at next (C:\\Users\\HP\\Desktop\\xexitnew\\xexit\\backend\\node_modules\\router\\lib\\route.js:157:13)<br> &nbsp; &nbsp;at Route.dispatch (C:\\Users\\HP\\Desktop\\xexitnew\\xexit\\backend\\node_modules\\router\\lib\\route.js:117:3)<br> &nbsp; &nbsp;at handle (C:\\Users\\HP\\Desktop\\xexitnew\\xexit\\backend\\node_modules\\router\\index.js:435:11)<br> &nbsp; &nbsp;at Layer.handleRequest (C:\\Users\\HP\\Desktop\\xexitnew\\xexit\\backend\\node_modules\\router\\lib\\layer.js:152:17)<br> &nbsp; &nbsp;at C:\\Users\\HP\\Desktop\\xexitnew\\xexit\\backend\\node_modules\\router\\index.js:295:15<br> &nbsp; &nbsp;at processParams (C:\\Users\\HP\\Desktop\\xexitnew\\xexit\\backend\\node_modules\\router\\index.js:582:12)</pre>\n</body>\n</html>\n\nhttps://on.cypress.io/request\n    at <unknown> (http://localhost:8080/__cypress/runner/cypress_runner.js:132876:72)\n    at tryCatcher (http://localhost:8080/__cypress/runner/cypress_runner.js:1830:23)\n    at Promise._settlePromiseFromHandler (http://localhost:8080/__cypress/runner/cypress_runner.js:1542:31)\n    at Promise._settlePromise (http://localhost:8080/__cypress/runner/cypress_runner.js:1599:18)\n    at Promise._settlePromise0 (http://localhost:8080/__cypress/runner/cypress_runner.js:1644:10)\n    at Promise._settlePromises (http://localhost:8080/__cypress/runner/cypress_runner.js:1724:18)\n    at _drainQueueStep (http://localhost:8080/__cypress/runner/cypress_runner.js:2430:12)\n    at _drainQueue (http://localhost:8080/__cypress/runner/cypress_runner.js:2423:9)\n    at Async._drainQueues (http://localhost:8080/__cypress/runner/cypress_runner.js:2439:5)\n    at Async.drainQueues (http://localhost:8080/__cypress/runner/cypress_runner.js:2309:14)\nFrom Your Spec Code:\n    at Context.eval (webpack://exitease/./cypress/integration/backend/backendTests.spec.js:96:7)",
                "diff": null
              },
              "uuid": "59eb267e-8e5f-406d-8192-c28d321cf1ea",
              "parentUUID": "deeaa0c3-42be-4343-9a66-a6df76e636e7",
              "isHook": false,
              "skipped": false
            },
            {
              "title": "should allow the admin to view all questionnaire responses",
              "fullTitle": "Backend API Tests for Employee and Admin Role should allow the admin to view all questionnaire responses",
              "timedOut": null,
              "duration": 346,
              "state": "failed",
              "speed": null,
              "pass": false,
              "fail": true,
              "pending": false,
              "context": null,
              "code": "const token = Cypress.env(\"adminAuthToken\"); // Retrieve admin token from Cypress environment variable\ncy.request({\n  method: \"GET\",\n  url: `${apiUrl}/admin/exit_responses`,\n  headers: {\n    Authorization: `${token}`\n  }\n}).then(response => {\n  expect(response.status).to.eq(200);\n  expect(response.body.data).to.be.an(\"array\");\n  // Find the specific response data that matches the expected responses\n  const expectedResponses = [{\n    questionText: \"What prompted you to start looking for another job?\",\n    response: \"Lack of career growth opportunities\"\n  }, {\n    questionText: \"Would you recommend this company to others?\",\n    response: \"Yes, with some reservations\"\n  }];\n  // Check if any of the data array includes the expected responses\n  const hasExpectedResponses = response.body.data.some(item => {\n    return item.responses.length === expectedResponses.length && item.responses.every((resp, index) => {\n      return resp.questionText === expectedResponses[index].questionText && resp.response === expectedResponses[index].response;\n    });\n  });\n  // Assert that the expected responses exist in the data\n  expect(hasExpectedResponses).to.be.true;\n});",
              "err": {
                "message": "CypressError: `cy.request()` failed on:\n\nhttp://localhost:8080/api/admin/exit_responses\n\nThe response we received from your web server was:\n\n  > 500: Internal Server Error\n\nThis was considered a failure because the status code was not `2xx` or `3xx`.\n\nIf you do not want status codes to cause failures pass the option: `failOnStatusCode: false`\n\n-----------------------------------------------------------\n\nThe request we sent was:\n\nMethod: GET\nURL: http://localhost:8080/api/admin/exit_responses\nHeaders: {\n  \"Connection\": \"keep-alive\",\n  \"Authorization\": \"undefined\",\n  \"user-agent\": \"Mozilla/5.0 (Windows NT 10.0; Win64; x64) AppleWebKit/537.36 (KHTML, like Gecko) Cypress/13.17.0 Chrome/118.0.5993.159 Electron/27.3.10 Safari/537.36\",\n  \"accept\": \"*/*\",\n  \"accept-encoding\": \"gzip, deflate\"\n}\n\n-----------------------------------------------------------\n\nThe response we got was:\n\nStatus: 500 - Internal Server Error\nHeaders: {\n  \"x-powered-by\": \"Express\",\n  \"access-control-allow-origin\": \"*\",\n  \"content-security-policy\": \"default-src 'none'\",\n  \"x-content-type-options\": \"nosniff\",\n  \"content-type\": \"text/html; charset=utf-8\",\n  \"content-length\": \"1291\",\n  \"date\": \"Thu, 03 Jul 2025 14:21:27 GMT\",\n  \"connection\": \"keep-alive\",\n  \"keep-alive\": \"timeout=5\"\n}\nBody: <!DOCTYPE html>\n<html lang=\"en\">\n<head>\n<meta charset=\"utf-8\">\n<title>Error</title>\n</head>\n<body>\n<pre>JsonWebTokenError: jwt malformed<br> &nbsp; &nbsp;at module.exports [as verify] (C:\\Users\\HP\\Desktop\\xexitnew\\xexit\\backend\\node_modules\\jsonwebtoken\\verify.js:70:17)<br> &nbsp; &nbsp;at fetchUser (C:\\Users\\HP\\Desktop\\xexitnew\\xexit\\backend\\middleware\\auth.js:4:28)<br> &nbsp; &nbsp;at isAdmin (C:\\Users\\HP\\Desktop\\xexitnew\\xexit\\backend\\middleware\\auth.js:50:22)<br> &nbsp; &nbsp;at Layer.handleRequest (C:\\Users\\HP\\Desktop\\xexitnew\\xexit\\backend\\node_modules\\router\\lib\\layer.js:152:17)<br> &nbsp; &nbsp;at next (C:\\Users\\HP\\Desktop\\xexitnew\\xexit\\backend\\node_modules\\router\\lib\\route.js:157:13)<br> &nbsp; &nbsp;at Route.dispatch (C:\\Users\\HP\\Desktop\\xexitnew\\xexit\\backend\\node_modules\\router\\lib\\route.js:117:3)<br> &nbsp; &nbsp;at handle (C:\\Users\\HP\\Desktop\\xexitnew\\xexit\\backend\\node_modules\\router\\index.js:435:11)<br> &nbsp; &nbsp;at Layer.handleRequest (C:\\Users\\HP\\Desktop\\xexitnew\\xexit\\backend\\node_modules\\router\\lib\\layer.js:152:17)<br> &nbsp; &nbsp;at C:\\Users\\HP\\Desktop\\xexitnew\\xexit\\backend\\node_modules\\router\\index.js:295:15<br> &nbsp; &nbsp;at processParams (C:\\Users\\HP\\Desktop\\xexitnew\\xexit\\backend\\node_modules\\router\\index.js:582:12)</pre>\n</body>\n</html>\n\nhttps://on.cypress.io/request",
                "estack": "CypressError: `cy.request()` failed on:\n\nhttp://localhost:8080/api/admin/exit_responses\n\nThe response we received from your web server was:\n\n  > 500: Internal Server Error\n\nThis was considered a failure because the status code was not `2xx` or `3xx`.\n\nIf you do not want status codes to cause failures pass the option: `failOnStatusCode: false`\n\n-----------------------------------------------------------\n\nThe request we sent was:\n\nMethod: GET\nURL: http://localhost:8080/api/admin/exit_responses\nHeaders: {\n  \"Connection\": \"keep-alive\",\n  \"Authorization\": \"undefined\",\n  \"user-agent\": \"Mozilla/5.0 (Windows NT 10.0; Win64; x64) AppleWebKit/537.36 (KHTML, like Gecko) Cypress/13.17.0 Chrome/118.0.5993.159 Electron/27.3.10 Safari/537.36\",\n  \"accept\": \"*/*\",\n  \"accept-encoding\": \"gzip, deflate\"\n}\n\n-----------------------------------------------------------\n\nThe response we got was:\n\nStatus: 500 - Internal Server Error\nHeaders: {\n  \"x-powered-by\": \"Express\",\n  \"access-control-allow-origin\": \"*\",\n  \"content-security-policy\": \"default-src 'none'\",\n  \"x-content-type-options\": \"nosniff\",\n  \"content-type\": \"text/html; charset=utf-8\",\n  \"content-length\": \"1291\",\n  \"date\": \"Thu, 03 Jul 2025 14:21:27 GMT\",\n  \"connection\": \"keep-alive\",\n  \"keep-alive\": \"timeout=5\"\n}\nBody: <!DOCTYPE html>\n<html lang=\"en\">\n<head>\n<meta charset=\"utf-8\">\n<title>Error</title>\n</head>\n<body>\n<pre>JsonWebTokenError: jwt malformed<br> &nbsp; &nbsp;at module.exports [as verify] (C:\\Users\\HP\\Desktop\\xexitnew\\xexit\\backend\\node_modules\\jsonwebtoken\\verify.js:70:17)<br> &nbsp; &nbsp;at fetchUser (C:\\Users\\HP\\Desktop\\xexitnew\\xexit\\backend\\middleware\\auth.js:4:28)<br> &nbsp; &nbsp;at isAdmin (C:\\Users\\HP\\Desktop\\xexitnew\\xexit\\backend\\middleware\\auth.js:50:22)<br> &nbsp; &nbsp;at Layer.handleRequest (C:\\Users\\HP\\Desktop\\xexitnew\\xexit\\backend\\node_modules\\router\\lib\\layer.js:152:17)<br> &nbsp; &nbsp;at next (C:\\Users\\HP\\Desktop\\xexitnew\\xexit\\backend\\node_modules\\router\\lib\\route.js:157:13)<br> &nbsp; &nbsp;at Route.dispatch (C:\\Users\\HP\\Desktop\\xexitnew\\xexit\\backend\\node_modules\\router\\lib\\route.js:117:3)<br> &nbsp; &nbsp;at handle (C:\\Users\\HP\\Desktop\\xexitnew\\xexit\\backend\\node_modules\\router\\index.js:435:11)<br> &nbsp; &nbsp;at Layer.handleRequest (C:\\Users\\HP\\Desktop\\xexitnew\\xexit\\backend\\node_modules\\router\\lib\\layer.js:152:17)<br> &nbsp; &nbsp;at C:\\Users\\HP\\Desktop\\xexitnew\\xexit\\backend\\node_modules\\router\\index.js:295:15<br> &nbsp; &nbsp;at processParams (C:\\Users\\HP\\Desktop\\xexitnew\\xexit\\backend\\node_modules\\router\\index.js:582:12)</pre>\n</body>\n</html>\n\nhttps://on.cypress.io/request\n    at <unknown> (http://localhost:8080/__cypress/runner/cypress_runner.js:132876:72)\n    at tryCatcher (http://localhost:8080/__cypress/runner/cypress_runner.js:1830:23)\n    at Promise._settlePromiseFromHandler (http://localhost:8080/__cypress/runner/cypress_runner.js:1542:31)\n    at Promise._settlePromise (http://localhost:8080/__cypress/runner/cypress_runner.js:1599:18)\n    at Promise._settlePromise0 (http://localhost:8080/__cypress/runner/cypress_runner.js:1644:10)\n    at Promise._settlePromises (http://localhost:8080/__cypress/runner/cypress_runner.js:1724:18)\n    at _drainQueueStep (http://localhost:8080/__cypress/runner/cypress_runner.js:2430:12)\n    at _drainQueue (http://localhost:8080/__cypress/runner/cypress_runner.js:2423:9)\n    at Async._drainQueues (http://localhost:8080/__cypress/runner/cypress_runner.js:2439:5)\n    at Async.drainQueues (http://localhost:8080/__cypress/runner/cypress_runner.js:2309:14)\nFrom Your Spec Code:\n    at Context.eval (webpack://exitease/./cypress/integration/backend/backendTests.spec.js:122:7)",
                "diff": null
              },
              "uuid": "f2d61a8b-b0f6-449f-a4f3-418dc9796f7b",
              "parentUUID": "deeaa0c3-42be-4343-9a66-a6df76e636e7",
              "isHook": false,
              "skipped": false
            }
          ],
          "suites": [],
          "passes": [
            "0096457a-b300-471c-9586-59fa6be068a9"
          ],
          "failures": [
            "41ba6921-3bc7-4913-8fdc-fd389380b5c6",
            "0c4be2ea-b880-48c4-8e5f-9d5709310873",
            "e669c396-662a-4253-bf50-a128dea2b3b0",
            "5969e48f-8ae7-442d-b61e-830347e8a0e4",
            "1d92933e-6d16-4dd5-808f-43e58194ac65",
            "59eb267e-8e5f-406d-8192-c28d321cf1ea",
            "f2d61a8b-b0f6-449f-a4f3-418dc9796f7b"
          ],
          "pending": [],
          "skipped": [],
          "duration": 5313,
          "root": false,
          "rootEmpty": false,
          "_timeout": 2000
        }
      ],
      "passes": [],
      "failures": [],
      "pending": [],
      "skipped": [],
      "duration": 0,
      "root": true,
      "rootEmpty": true,
      "_timeout": 2000
    }
  ],
  "meta": {
    "mocha": {
      "version": "7.0.1"
    },
    "mochawesome": {
      "options": {
        "quiet": false,
        "reportFilename": "my-report",
        "saveHtml": true,
        "saveJson": true,
        "consoleReporter": "spec",
        "useInlineDiffs": false,
        "code": true
      },
      "version": "7.1.3"
    },
    "marge": {
      "options": {
        "charts": true,
        "json": true,
        "reportsDir": "reports/your-reports-folder",
        "reportFilename": "my-report",
        "overwrite": false
      },
      "version": "6.2.0"
    }
  }
}